Mar-27 10:52:12.634 [main] DEBUG nextflow.cli.Launcher - $> nextflow run . -profile test,singularity --outdir /mnt/tblab/graciela/auto_hackathon_GdTBioinfo/try_run_GdTBioinfo/out
Mar-27 10:52:12.707 [main] DEBUG nextflow.cli.CmdRun - N E X T F L O W  ~  version 24.10.5
Mar-27 10:52:12.732 [main] DEBUG nextflow.plugin.PluginsFacade - Setting up plugin manager > mode=prod; embedded=false; plugins-dir=/home/graciela/.nextflow/plugins; core-plugins: nf-amazon@2.9.2,nf-azure@1.10.2,nf-cloudcache@0.4.2,nf-codecommit@0.2.2,nf-console@1.1.4,nf-google@1.15.4,nf-tower@1.9.3,nf-wave@1.7.4
Mar-27 10:52:12.755 [main] INFO  o.pf4j.DefaultPluginStatusProvider - Enabled plugins: []
Mar-27 10:52:12.756 [main] INFO  o.pf4j.DefaultPluginStatusProvider - Disabled plugins: []
Mar-27 10:52:12.759 [main] INFO  org.pf4j.DefaultPluginManager - PF4J version 3.12.0 in 'deployment' mode
Mar-27 10:52:12.772 [main] INFO  org.pf4j.AbstractPluginManager - No plugins
Mar-27 10:52:13.652 [main] DEBUG nextflow.config.ConfigBuilder - Found config local: /mnt/tblab/graciela/auto_hackathon_GdTBioinfo/GdTBioinfo-nf-snvs/nextflow.config
Mar-27 10:52:13.655 [main] DEBUG nextflow.config.ConfigBuilder - Parsing config file: /mnt/tblab/graciela/auto_hackathon_GdTBioinfo/GdTBioinfo-nf-snvs/nextflow.config
Mar-27 10:52:13.670 [main] DEBUG n.secret.LocalSecretsProvider - Secrets store: /home/graciela/.nextflow/secrets/store.json
Mar-27 10:52:13.673 [main] DEBUG nextflow.secret.SecretsLoader - Discovered secrets providers: [nextflow.secret.LocalSecretsProvider@3f736a16] - activable => nextflow.secret.LocalSecretsProvider@3f736a16
Mar-27 10:52:13.686 [main] DEBUG nextflow.config.ConfigBuilder - Applying config profile: `test,singularity`
Mar-27 10:52:14.922 [main] DEBUG nextflow.config.ConfigBuilder - Available config profiles: [bih, cfc_dev, uzl_omics, ifb_core, embl_hd, denbi_qbic, alice, mjolnir_globe, uppmax, giga, incliva, ilifu, ki_luria, uge, icr_alma, rosalind_uge, lugh, mccleary, unibe_ibu, vai, czbiohub_aws, jax, roslin, ccga_med, tes, scw, unc_longleaf, tigem, tubingen_apg, google, apollo, ipop_up, vsc_calcua, pdc_kth, googlels, ceci_nic5, humantechnopole, stjude, daisybio, eddie, medair, biowulf, apptainer, bi, bigpurple, adcra, cedars, pawsey_setonix, vsc_kul_uhasselt, pawsey_nimbus, ucl_myriad, utd_ganymede, charliecloud, seattlechildrens, icr_davros, ceres, munin, arm, rosalind, hasta, cfc, uzh, shu_bmrc, ebi_codon_slurm, ebc, ccga_dx, crick, ku_sund_danhead, marvin, biohpc_gen, shifter, mana, mamba, york_viking, unc_lccc, wehi, awsbatch, wustl_htcf, arcc, ceci_dragon2, imperial, maestro, software_license, cannon, genotoul, nci_gadi, abims, janelia, nu_genomics, googlebatch, oist, sahmri, kaust, mpcdf, leicester, vsc_ugent, create, sage, cambridge, jex, podman, ebi_codon, cheaha, xanadu, nyu_hpc, test, marjorie, computerome, ucd_sonic, seg_globe, sanger, dkfz, bluebear, pasteur, einstein, ethz_euler, m3c, test_full, imb, ucl_cscluster, tuos_stanage, azurebatch, hki, seadragon, crukmi, csiro_petrichor, qmul_apocrita, docker, engaging, gis, hypatia, psmn, eva, unity, cropdiversityhpc, nygc, fgcz, conda, crg, singularity, mpcdf_viper, pe2, self_hosted_runner, tufts, uw_hyak_pedslabs, debug, genouest, cbe, unsw_katana, phoenix, gitpod, seawulf, uod_hpc, fub_curta, uct_hpc, aws_tower, binac, fsu_draco]
Mar-27 10:52:14.971 [main] DEBUG nextflow.cli.CmdRun - Applied DSL=2 from script declaration
Mar-27 10:52:14.991 [main] DEBUG nextflow.cli.CmdRun - Launching `./main.nf` [friendly_moriondo] DSL2 - revision: ac4bdc2eed
Mar-27 10:52:14.993 [main] DEBUG nextflow.plugin.PluginsFacade - Plugins declared=[nf-validation@1.1.3]
Mar-27 10:52:14.994 [main] DEBUG nextflow.plugin.PluginsFacade - Plugins default=[]
Mar-27 10:52:14.994 [main] DEBUG nextflow.plugin.PluginsFacade - Plugins resolved requirement=[nf-validation@1.1.3]
Mar-27 10:52:14.994 [main] DEBUG nextflow.plugin.PluginUpdater - Installing plugin nf-validation version: 1.1.3
Mar-27 10:52:14.998 [main] INFO  nextflow.plugin.PluginUpdater - Downloading plugin nf-validation@1.1.3
Mar-27 10:52:16.210 [main] INFO  org.pf4j.util.FileUtils - Expanded plugin zip 'nf-validation-1.1.3.zip' in 'nf-validation-1.1.3'
Mar-27 10:52:16.217 [main] INFO  org.pf4j.AbstractPluginManager - Plugin 'nf-validation@1.1.3' resolved
Mar-27 10:52:16.217 [main] INFO  org.pf4j.AbstractPluginManager - Start plugin 'nf-validation@1.1.3'
Mar-27 10:52:16.223 [main] DEBUG nextflow.plugin.BasePlugin - Plugin started nf-validation@1.1.3
Mar-27 10:52:16.283 [main] DEBUG nextflow.Session - Session UUID: 8c1417b5-c61f-4964-b8f9-0bee5b1cd891
Mar-27 10:52:16.283 [main] DEBUG nextflow.Session - Run name: friendly_moriondo
Mar-27 10:52:16.283 [main] DEBUG nextflow.Session - Executor pool size: 24
Mar-27 10:52:16.292 [main] DEBUG nextflow.file.FilePorter - File porter settings maxRetries=3; maxTransfers=50; pollTimeout=null
Mar-27 10:52:16.297 [main] DEBUG nextflow.util.ThreadPoolBuilder - Creating thread pool 'FileTransfer' minSize=10; maxSize=72; workQueue=LinkedBlockingQueue[-1]; allowCoreThreadTimeout=false
Mar-27 10:52:16.316 [main] DEBUG nextflow.cli.CmdRun - 
  Version: 24.10.5 build 5935
  Created: 04-03-2025 17:55 UTC 
  System: Linux 5.4.0-208-generic
  Runtime: Groovy 4.0.23 on OpenJDK 64-Bit Server VM 17.0.14-internal+0-adhoc..src
  Encoding: UTF-8 (UTF-8)
  Process: 1301356@tblabserver [172.16.16.31]
  CPUs: 24 - Mem: 156.7 GB (867.3 MB) - Swap: 0 (0)
Mar-27 10:52:16.338 [main] DEBUG nextflow.Session - Work-dir: /mnt/tblab/graciela/auto_hackathon_GdTBioinfo/GdTBioinfo-nf-snvs/work [ext2/ext3]
Mar-27 10:52:16.386 [main] DEBUG nextflow.executor.ExecutorFactory - Extension executors providers=[]
Mar-27 10:52:16.396 [main] DEBUG nextflow.Session - Observer factory: DefaultObserverFactory
Mar-27 10:52:16.450 [main] DEBUG nextflow.cache.CacheFactory - Using Nextflow cache factory: nextflow.cache.DefaultCacheFactory
Mar-27 10:52:16.459 [main] DEBUG nextflow.util.CustomThreadPool - Creating default thread pool > poolSize: 25; maxThreads: 1000
Mar-27 10:52:16.531 [main] DEBUG nextflow.Session - Session start
Mar-27 10:52:16.534 [main] DEBUG nextflow.trace.TraceFileObserver - Workflow started -- trace file: /mnt/tblab/graciela/auto_hackathon_GdTBioinfo/try_run_GdTBioinfo/out/pipeline_info/execution_trace_2025-03-27_10-52-14.txt
Mar-27 10:52:16.541 [main] DEBUG nextflow.Session - Using default localLib path: /mnt/tblab/graciela/auto_hackathon_GdTBioinfo/GdTBioinfo-nf-snvs/lib
Mar-27 10:52:16.545 [main] DEBUG nextflow.Session - Adding to the classpath library: /mnt/tblab/graciela/auto_hackathon_GdTBioinfo/GdTBioinfo-nf-snvs/lib
Mar-27 10:52:17.009 [main] DEBUG nextflow.script.ScriptRunner - > Launching execution
Mar-27 10:52:17.022 [main] DEBUG nextflow.script.IncludeDef - Loading included plugin extensions with names: [validateParameters:validateParameters, paramsHelp:paramsHelp]; plugin Id: nf-validation
Mar-27 10:52:17.038 [main] DEBUG nextflow.validation.SchemaValidator - Starting parameters validation
Mar-27 10:52:17.532 [main] WARN  nextflow.validation.SchemaValidator - The following invalid input values have been detected:

* --fai: https://raw.githubusercontent.com/nf-core/test-datasets/modules/data/genomics/homo_sapiens/genome/genome.fasta.fai
* --intervals: https://raw.githubusercontent.com/nf-core/test-datasets/modules/data/genomics/homo_sapiens/genome/genome.bed
* --known_snps: https://raw.githubusercontent.com/nf-core/test-datasets/modules/data/genomics/homo_sapiens/genome/vcf/dbsnp_146.hg38.vcf.gz
* --known_snps_tbi: https://raw.githubusercontent.com/nf-core/test-datasets/modules/data/genomics/homo_sapiens/genome/vcf/dbsnp_146.hg38.vcf.gz.tbi


Mar-27 10:52:17.754 [main] DEBUG nextflow.validation.SchemaValidator - Finishing parameters validation
Mar-27 10:52:18.062 [main] DEBUG nextflow.script.IncludeDef - Loading included plugin extensions with names: [paramsSummaryLog:paramsSummaryLog, paramsSummaryMap:paramsSummaryMap]; plugin Id: nf-validation
Mar-27 10:52:18.077 [main] INFO  nextflow.Nextflow - 

-[2m----------------------------------------------------[0m-
[0;35m  GdTBioinfo-nf/snvs v1.0dev[0m
-[2m----------------------------------------------------[0m-
[1mCore Nextflow options[0m
  [0;34mrunName                   : [0;32mfriendly_moriondo[0m
  [0;34mcontainerEngine           : [0;32msingularity[0m
  [0;34mlaunchDir                 : [0;32m/mnt/tblab/graciela/auto_hackathon_GdTBioinfo/GdTBioinfo-nf-snvs[0m
  [0;34mworkDir                   : [0;32m/mnt/tblab/graciela/auto_hackathon_GdTBioinfo/GdTBioinfo-nf-snvs/work[0m
  [0;34mprojectDir                : [0;32m/mnt/tblab/graciela/auto_hackathon_GdTBioinfo/GdTBioinfo-nf-snvs[0m
  [0;34muserName                  : [0;32mgraciela[0m
  [0;34mprofile                   : [0;32mtest,singularity[0m
  [0;34mconfigFiles               : [0;32m[0m

[1mInput/output options[0m
  [0;34minput                     : [0;32mhttps://raw.githubusercontent.com/CIBERER/GdTBioinfo-nf-snvs/refs/heads/mapping/assets/samplesheet_test.csv[0m
  [0;34moutdir                    : [0;32m/mnt/tblab/graciela/auto_hackathon_GdTBioinfo/try_run_GdTBioinfo/out[0m

[1mReference genome options[0m
  [0;34mfasta                     : [0;32mhttps://raw.githubusercontent.com/nf-core/test-datasets/modules/data/genomics/homo_sapiens/genome/genome.fasta[0m

[1mInstitutional config options[0m
  [0;34mconfig_profile_name       : [0;32mTest profile[0m
  [0;34mconfig_profile_description: [0;32mMinimal test dataset to check pipeline function[0m

[1mMax job request options[0m
  [0;34mmax_cpus                  : [0;32m2[0m
  [0;34mmax_memory                : [0;32m6.GB[0m
  [0;34mmax_time                  : [0;32m6.h[0m

!! Only displaying parameters that differ from the pipeline defaults !!
-[2m----------------------------------------------------[0m-
If you use GdTBioinfo-nf/snvs for your analysis please cite:

* The nf-core framework
  https://doi.org/10.1038/s41587-020-0439-x

* Software dependencies
  https://github.com/GdTBioinfo-nf/snvs/blob/master/CITATIONS.md

Mar-27 10:52:19.779 [main] DEBUG nextflow.script.ProcessConfig - Config settings `withLabel:process_single` matches labels `process_single` for process with name GDTBIOINFONF_SNVS:SNVS:INPUT_CHECK:SAMPLESHEET_CHECK
Mar-27 10:52:19.782 [main] DEBUG nextflow.script.ProcessConfig - Config settings `withName:SAMPLESHEET_CHECK` matches process GDTBIOINFONF_SNVS:SNVS:INPUT_CHECK:SAMPLESHEET_CHECK
Mar-27 10:52:19.793 [main] DEBUG nextflow.executor.ExecutorFactory - << taskConfig executor: null
Mar-27 10:52:19.793 [main] DEBUG nextflow.executor.ExecutorFactory - >> processorType: 'local'
Mar-27 10:52:19.800 [main] DEBUG nextflow.executor.Executor - [warm up] executor > local
Mar-27 10:52:19.806 [main] DEBUG n.processor.LocalPollingMonitor - Creating local task monitor for executor 'local' > cpus=24; memory=156.7 GB; capacity=24; pollInterval=100ms; dumpInterval=5m
Mar-27 10:52:19.808 [main] DEBUG n.processor.TaskPollingMonitor - >>> barrier register (monitor: local)
Mar-27 10:52:19.902 [main] DEBUG nextflow.script.ProcessConfig - Config settings `withLabel:process_medium` matches labels `process_medium` for process with name GDTBIOINFONF_SNVS:SNVS:FASTQC
Mar-27 10:52:19.902 [main] DEBUG nextflow.script.ProcessConfig - Config settings `withName:FASTQC` matches process GDTBIOINFONF_SNVS:SNVS:FASTQC
Mar-27 10:52:19.910 [main] DEBUG nextflow.executor.ExecutorFactory - << taskConfig executor: null
Mar-27 10:52:19.911 [main] DEBUG nextflow.executor.ExecutorFactory - >> processorType: 'local'
Mar-27 10:52:19.923 [main] WARN  nextflow.script.ScriptBinding - Access to undefined parameter `index` -- Initialise it to a default value eg. `params.index = some_value`
Mar-27 10:52:19.931 [main] DEBUG nextflow.script.ProcessConfig - Config settings `withLabel:process_single` matches labels `process_single` for process with name GDTBIOINFONF_SNVS:SNVS:BWA_INDEX
Mar-27 10:52:19.935 [main] DEBUG nextflow.executor.ExecutorFactory - << taskConfig executor: null
Mar-27 10:52:19.935 [main] DEBUG nextflow.executor.ExecutorFactory - >> processorType: 'local'
Mar-27 10:52:19.938 [main] WARN  nextflow.script.ScriptBinding - Access to undefined parameter `refdict` -- Initialise it to a default value eg. `params.refdict = some_value`
Mar-27 10:52:19.944 [main] DEBUG nextflow.script.ProcessConfig - Config settings `withLabel:process_medium` matches labels `process_medium` for process with name GDTBIOINFONF_SNVS:SNVS:PICARD_CREATESEQUENCEDICTIONARY
Mar-27 10:52:19.948 [main] DEBUG nextflow.executor.ExecutorFactory - << taskConfig executor: null
Mar-27 10:52:19.948 [main] DEBUG nextflow.executor.ExecutorFactory - >> processorType: 'local'
Mar-27 10:52:19.976 [main] DEBUG nextflow.script.ProcessConfig - Config settings `withLabel:process_high` matches labels `process_high` for process with name GDTBIOINFONF_SNVS:SNVS:MAPPING:BWA_MEM
Mar-27 10:52:19.977 [main] DEBUG nextflow.script.ProcessConfig - Config settings `withName:BWA_MEM` matches process GDTBIOINFONF_SNVS:SNVS:MAPPING:BWA_MEM
Mar-27 10:52:19.981 [main] DEBUG nextflow.executor.ExecutorFactory - << taskConfig executor: null
Mar-27 10:52:19.981 [main] DEBUG nextflow.executor.ExecutorFactory - >> processorType: 'local'
Mar-27 10:52:19.996 [main] DEBUG nextflow.script.ProcessConfig - Config settings `withLabel:process_medium` matches labels `process_medium` for process with name GDTBIOINFONF_SNVS:SNVS:MAPPING:GATK4_FASTQTOSAM
Mar-27 10:52:19.997 [main] DEBUG nextflow.script.ProcessConfig - Config settings `withName:GATK4_FASTQTOSAM` matches process GDTBIOINFONF_SNVS:SNVS:MAPPING:GATK4_FASTQTOSAM
Mar-27 10:52:20.001 [main] DEBUG nextflow.executor.ExecutorFactory - << taskConfig executor: null
Mar-27 10:52:20.001 [main] DEBUG nextflow.executor.ExecutorFactory - >> processorType: 'local'
Mar-27 10:52:20.022 [main] DEBUG nextflow.script.ProcessConfig - Config settings `withLabel:process_low` matches labels `process_low` for process with name GDTBIOINFONF_SNVS:SNVS:MAPPING:GATK4_MERGEBAMALIGNMENT
Mar-27 10:52:20.023 [main] DEBUG nextflow.script.ProcessConfig - Config settings `withName:GATK4_MERGEBAMALIGNMENT` matches process GDTBIOINFONF_SNVS:SNVS:MAPPING:GATK4_MERGEBAMALIGNMENT
Mar-27 10:52:20.025 [main] DEBUG nextflow.executor.ExecutorFactory - << taskConfig executor: null
Mar-27 10:52:20.026 [main] DEBUG nextflow.executor.ExecutorFactory - >> processorType: 'local'
Mar-27 10:52:20.046 [main] DEBUG nextflow.script.ProcessConfig - Config settings `withLabel:process_high` matches labels `process_high` for process with name GDTBIOINFONF_SNVS:SNVS:MAPPING:GATK4SPARK_MARKDUPLICATES
Mar-27 10:52:20.048 [main] DEBUG nextflow.script.ProcessConfig - Config settings `withName:GATK4SPARK_MARKDUPLICATES` matches process GDTBIOINFONF_SNVS:SNVS:MAPPING:GATK4SPARK_MARKDUPLICATES
Mar-27 10:52:20.052 [main] DEBUG nextflow.executor.ExecutorFactory - << taskConfig executor: null
Mar-27 10:52:20.052 [main] DEBUG nextflow.executor.ExecutorFactory - >> processorType: 'local'
Mar-27 10:52:20.076 [main] DEBUG nextflow.script.ProcessConfig - Config settings `withLabel:process_low` matches labels `process_low` for process with name GDTBIOINFONF_SNVS:SNVS:MAPPING:GATK4_BASERECALIBRATOR
Mar-27 10:52:20.078 [main] DEBUG nextflow.executor.ExecutorFactory - << taskConfig executor: null
Mar-27 10:52:20.078 [main] DEBUG nextflow.executor.ExecutorFactory - >> processorType: 'local'
Mar-27 10:52:20.104 [main] DEBUG nextflow.script.ProcessConfig - Config settings `withLabel:process_low` matches labels `process_low` for process with name GDTBIOINFONF_SNVS:SNVS:MAPPING:GATK4_APPLYBQSR
Mar-27 10:52:20.107 [main] DEBUG nextflow.executor.ExecutorFactory - << taskConfig executor: null
Mar-27 10:52:20.107 [main] DEBUG nextflow.executor.ExecutorFactory - >> processorType: 'local'
Mar-27 10:52:20.121 [main] DEBUG nextflow.script.ProcessConfig - Config settings `withLabel:process_low` matches labels `process_low` for process with name GDTBIOINFONF_SNVS:SNVS:MAPPING:SAMTOOLS_INDEX
Mar-27 10:52:20.124 [main] DEBUG nextflow.executor.ExecutorFactory - << taskConfig executor: null
Mar-27 10:52:20.124 [main] DEBUG nextflow.executor.ExecutorFactory - >> processorType: 'local'
Mar-27 10:52:20.152 [main] DEBUG nextflow.script.ProcessConfig - Config settings `withLabel:process_high` matches labels `process_high` for process with name GDTBIOINFONF_SNVS:SNVS:DEEPVARIANT:DEEPVARIANT_MAKEEXAMPLES
Mar-27 10:52:20.155 [main] DEBUG nextflow.executor.ExecutorFactory - << taskConfig executor: null
Mar-27 10:52:20.155 [main] DEBUG nextflow.executor.ExecutorFactory - >> processorType: 'local'
Mar-27 10:52:20.168 [main] DEBUG nextflow.script.ProcessConfig - Config settings `withLabel:process_high` matches labels `process_high` for process with name GDTBIOINFONF_SNVS:SNVS:DEEPVARIANT:DEEPVARIANT_CALLVARIANTS
Mar-27 10:52:20.171 [main] DEBUG nextflow.executor.ExecutorFactory - << taskConfig executor: null
Mar-27 10:52:20.171 [main] DEBUG nextflow.executor.ExecutorFactory - >> processorType: 'local'
Mar-27 10:52:20.197 [main] DEBUG nextflow.script.ProcessConfig - Config settings `withLabel:process_medium` matches labels `process_medium` for process with name GDTBIOINFONF_SNVS:SNVS:DEEPVARIANT:DEEPVARIANT_POSTPROCESSVARIANTS
Mar-27 10:52:20.201 [main] DEBUG nextflow.executor.ExecutorFactory - << taskConfig executor: null
Mar-27 10:52:20.201 [main] DEBUG nextflow.executor.ExecutorFactory - >> processorType: 'local'
Mar-27 10:52:20.245 [main] DEBUG nextflow.script.ProcessConfig - Config settings `withLabel:process_single` matches labels `process_single` for process with name GDTBIOINFONF_SNVS:SNVS:CUSTOM_DUMPSOFTWAREVERSIONS
Mar-27 10:52:20.246 [main] DEBUG nextflow.script.ProcessConfig - Config settings `withName:CUSTOM_DUMPSOFTWAREVERSIONS` matches process GDTBIOINFONF_SNVS:SNVS:CUSTOM_DUMPSOFTWAREVERSIONS
Mar-27 10:52:20.249 [main] DEBUG nextflow.executor.ExecutorFactory - << taskConfig executor: null
Mar-27 10:52:20.249 [main] DEBUG nextflow.executor.ExecutorFactory - >> processorType: 'local'
Mar-27 10:52:20.309 [main] DEBUG nextflow.script.ProcessConfig - Config settings `withLabel:process_single` matches labels `process_single` for process with name GDTBIOINFONF_SNVS:SNVS:MULTIQC
Mar-27 10:52:20.312 [main] DEBUG nextflow.script.ProcessConfig - Config settings `withName:MULTIQC` matches process GDTBIOINFONF_SNVS:SNVS:MULTIQC
Mar-27 10:52:20.315 [main] DEBUG nextflow.executor.ExecutorFactory - << taskConfig executor: null
Mar-27 10:52:20.315 [main] DEBUG nextflow.executor.ExecutorFactory - >> processorType: 'local'
Mar-27 10:52:20.324 [main] DEBUG nextflow.Session - Config process names validation disabled as requested
Mar-27 10:52:20.326 [main] DEBUG nextflow.Session - Igniting dataflow network (31)
Mar-27 10:52:20.332 [main] DEBUG nextflow.processor.TaskProcessor - Starting process > GDTBIOINFONF_SNVS:SNVS:INPUT_CHECK:SAMPLESHEET_CHECK
Mar-27 10:52:20.332 [main] DEBUG nextflow.processor.TaskProcessor - Starting process > GDTBIOINFONF_SNVS:SNVS:FASTQC
Mar-27 10:52:20.332 [main] DEBUG nextflow.processor.TaskProcessor - Starting process > GDTBIOINFONF_SNVS:SNVS:BWA_INDEX
Mar-27 10:52:20.333 [main] DEBUG nextflow.processor.TaskProcessor - Starting process > GDTBIOINFONF_SNVS:SNVS:PICARD_CREATESEQUENCEDICTIONARY
Mar-27 10:52:20.333 [main] DEBUG nextflow.processor.TaskProcessor - Starting process > GDTBIOINFONF_SNVS:SNVS:MAPPING:BWA_MEM
Mar-27 10:52:20.333 [main] DEBUG nextflow.processor.TaskProcessor - Starting process > GDTBIOINFONF_SNVS:SNVS:MAPPING:GATK4_FASTQTOSAM
Mar-27 10:52:20.333 [main] DEBUG nextflow.processor.TaskProcessor - Starting process > GDTBIOINFONF_SNVS:SNVS:MAPPING:GATK4_MERGEBAMALIGNMENT
Mar-27 10:52:20.333 [main] DEBUG nextflow.processor.TaskProcessor - Starting process > GDTBIOINFONF_SNVS:SNVS:MAPPING:GATK4SPARK_MARKDUPLICATES
Mar-27 10:52:20.333 [main] DEBUG nextflow.processor.TaskProcessor - Starting process > GDTBIOINFONF_SNVS:SNVS:MAPPING:GATK4_BASERECALIBRATOR
Mar-27 10:52:20.333 [main] DEBUG nextflow.processor.TaskProcessor - Starting process > GDTBIOINFONF_SNVS:SNVS:MAPPING:GATK4_APPLYBQSR
Mar-27 10:52:20.333 [main] DEBUG nextflow.processor.TaskProcessor - Starting process > GDTBIOINFONF_SNVS:SNVS:MAPPING:SAMTOOLS_INDEX
Mar-27 10:52:20.333 [main] DEBUG nextflow.processor.TaskProcessor - Starting process > GDTBIOINFONF_SNVS:SNVS:DEEPVARIANT:DEEPVARIANT_MAKEEXAMPLES
Mar-27 10:52:20.333 [main] DEBUG nextflow.processor.TaskProcessor - Starting process > GDTBIOINFONF_SNVS:SNVS:DEEPVARIANT:DEEPVARIANT_CALLVARIANTS
Mar-27 10:52:20.334 [main] DEBUG nextflow.processor.TaskProcessor - Starting process > GDTBIOINFONF_SNVS:SNVS:DEEPVARIANT:DEEPVARIANT_POSTPROCESSVARIANTS
Mar-27 10:52:20.334 [main] DEBUG nextflow.processor.TaskProcessor - Starting process > GDTBIOINFONF_SNVS:SNVS:CUSTOM_DUMPSOFTWAREVERSIONS
Mar-27 10:52:20.334 [main] DEBUG nextflow.processor.TaskProcessor - Starting process > GDTBIOINFONF_SNVS:SNVS:MULTIQC
Mar-27 10:52:20.335 [main] DEBUG nextflow.script.ScriptRunner - Parsed script files:
  Script_ad258e03fe211798: /mnt/tblab/graciela/auto_hackathon_GdTBioinfo/GdTBioinfo-nf-snvs/./workflows/../modules/nf-core/custom/dumpsoftwareversions/main.nf
  Script_d8e65b113c3b6186: /mnt/tblab/graciela/auto_hackathon_GdTBioinfo/GdTBioinfo-nf-snvs/./workflows/../modules/nf-core/bwa/index/main.nf
  Script_2746c98326d70cc6: /mnt/tblab/graciela/auto_hackathon_GdTBioinfo/GdTBioinfo-nf-snvs/./workflows/../subworkflows/local/mapping/main.nf
  Script_63d94c99b9f2be33: /mnt/tblab/graciela/auto_hackathon_GdTBioinfo/GdTBioinfo-nf-snvs/./workflows/../subworkflows/local/mapping/../../../modules/nf-core/samtools/index/main.nf
  Script_1e6e794c6256d15b: /mnt/tblab/graciela/auto_hackathon_GdTBioinfo/GdTBioinfo-nf-snvs/./workflows/../subworkflows/local/mapping/../../../modules/nf-core/gatk4/applybqsr/main.nf
  Script_4efc9a002b80d19d: /mnt/tblab/graciela/auto_hackathon_GdTBioinfo/GdTBioinfo-nf-snvs/./workflows/../subworkflows/local/mapping/../../../modules/nf-core/picard/sortsam/main.nf
  Script_36d1615cbe32916d: /mnt/tblab/graciela/auto_hackathon_GdTBioinfo/GdTBioinfo-nf-snvs/./workflows/../subworkflows/local/mapping/../../../modules/nf-core/samtools/sort/main.nf
  Script_08db9c81be45f2ac: /mnt/tblab/graciela/auto_hackathon_GdTBioinfo/GdTBioinfo-nf-snvs/./workflows/../subworkflows/local/mapping/../../../modules/nf-core/gatk4/fastqtosam/main.nf
  Script_ccfe96d551a8f3bc: /mnt/tblab/graciela/auto_hackathon_GdTBioinfo/GdTBioinfo-nf-snvs/./workflows/../subworkflows/nf-core/deepvariant/../../../modules/nf-core/deepvariant/makeexamples/main.nf
  Script_f7fd571e87f53de1: /mnt/tblab/graciela/auto_hackathon_GdTBioinfo/GdTBioinfo-nf-snvs/./workflows/../subworkflows/nf-core/deepvariant/main.nf
  Script_3e1ccb830dfd5a49: /mnt/tblab/graciela/auto_hackathon_GdTBioinfo/GdTBioinfo-nf-snvs/./workflows/../subworkflows/local/input_check.nf
  Script_b4f23f7a20872217: /mnt/tblab/graciela/auto_hackathon_GdTBioinfo/GdTBioinfo-nf-snvs/./workflows/../subworkflows/local/mapping/../../../modules/nf-core/gatk4/mergebamalignment/main.nf
  Script_6e8908c0f74fecba: /mnt/tblab/graciela/auto_hackathon_GdTBioinfo/GdTBioinfo-nf-snvs/./workflows/../subworkflows/nf-core/deepvariant/../../../modules/nf-core/deepvariant/callvariants/main.nf
  Script_0efe1bd11f3c1ecf: /mnt/tblab/graciela/auto_hackathon_GdTBioinfo/GdTBioinfo-nf-snvs/./workflows/../subworkflows/local/mapping/../../../modules/nf-core/bwa/mem/main.nf
  Script_50a37d59281f26e1: /mnt/tblab/graciela/auto_hackathon_GdTBioinfo/GdTBioinfo-nf-snvs/./workflows/../subworkflows/local/mapping/../../../modules/nf-core/gatk4spark/markduplicates/main.nf
  Script_2055498ae55e3b85: /mnt/tblab/graciela/auto_hackathon_GdTBioinfo/GdTBioinfo-nf-snvs/./workflows/../subworkflows/nf-core/deepvariant/../../../modules/nf-core/deepvariant/postprocessvariants/main.nf
  Script_71add437d9e6d9eb: /mnt/tblab/graciela/auto_hackathon_GdTBioinfo/GdTBioinfo-nf-snvs/./workflows/../modules/nf-core/multiqc/main.nf
  Script_56863e572e0ae572: /mnt/tblab/graciela/auto_hackathon_GdTBioinfo/GdTBioinfo-nf-snvs/./workflows/../modules/nf-core/picard/createsequencedictionary/main.nf
  Script_4ba798786ecd6418: /mnt/tblab/graciela/auto_hackathon_GdTBioinfo/GdTBioinfo-nf-snvs/./workflows/../modules/nf-core/fastqc/main.nf
  Script_a796cf1887c72a74: /mnt/tblab/graciela/auto_hackathon_GdTBioinfo/GdTBioinfo-nf-snvs/./workflows/../subworkflows/local/../../modules/local/samplesheet_check.nf
  Script_08e9b1b304a89240: /mnt/tblab/graciela/auto_hackathon_GdTBioinfo/GdTBioinfo-nf-snvs/./workflows/snvs.nf
  Script_c7ac4d9476aa2ba2: /mnt/tblab/graciela/auto_hackathon_GdTBioinfo/GdTBioinfo-nf-snvs/./workflows/../subworkflows/local/mapping/../../../modules/nf-core/gatk4/baserecalibrator/main.nf
  Script_c65a6aad7a28537c: /mnt/tblab/graciela/auto_hackathon_GdTBioinfo/GdTBioinfo-nf-snvs/main.nf
Mar-27 10:52:20.336 [main] DEBUG nextflow.script.ScriptRunner - > Awaiting termination 
Mar-27 10:52:20.336 [main] DEBUG nextflow.Session - Session await
Mar-27 10:52:20.415 [Actor Thread 19] DEBUG nextflow.sort.BigSort - Sort completed -- entries: 1; slices: 1; internal sort time: 0.001 s; external sort time: 0.012 s; total time: 0.013 s
Mar-27 10:52:20.415 [Actor Thread 16] DEBUG nextflow.sort.BigSort - Sort completed -- entries: 1; slices: 1; internal sort time: 0.001 s; external sort time: 0.012 s; total time: 0.013 s
Mar-27 10:52:20.420 [Actor Thread 19] DEBUG nextflow.file.FileCollector - Saved collect-files list to: /mnt/tblab/graciela/auto_hackathon_GdTBioinfo/GdTBioinfo-nf-snvs/work/collect-file/e1c1cfdde764f48b1471504ee3030d8f
Mar-27 10:52:20.420 [Actor Thread 16] DEBUG nextflow.file.FileCollector - Saved collect-files list to: /mnt/tblab/graciela/auto_hackathon_GdTBioinfo/GdTBioinfo-nf-snvs/work/collect-file/1a9d0b3823d6ef9eddcf31527271e5f5
Mar-27 10:52:20.427 [Actor Thread 16] DEBUG nextflow.file.FileCollector - Deleting file collector temp dir: /tmp/nxf-10802851847794596459
Mar-27 10:52:20.427 [Actor Thread 19] DEBUG nextflow.file.FileCollector - Deleting file collector temp dir: /tmp/nxf-9447280883668343296
Mar-27 10:52:20.496 [FileTransfer-1] DEBUG nextflow.file.FilePorter - Copying foreign file https://raw.githubusercontent.com/CIBERER/GdTBioinfo-nf-snvs/refs/heads/mapping/assets/samplesheet_test.csv to work dir: /mnt/tblab/graciela/auto_hackathon_GdTBioinfo/GdTBioinfo-nf-snvs/work/stage-8c1417b5-c61f-4964-b8f9-0bee5b1cd891/37/1939079d63c4b516dedc289e58aa17/samplesheet_test.csv
Mar-27 10:52:20.496 [FileTransfer-2] DEBUG nextflow.file.FilePorter - Copying foreign file https://raw.githubusercontent.com/nf-core/test-datasets/modules/data/genomics/homo_sapiens/genome/genome.fasta to work dir: /mnt/tblab/graciela/auto_hackathon_GdTBioinfo/GdTBioinfo-nf-snvs/work/stage-8c1417b5-c61f-4964-b8f9-0bee5b1cd891/1a/1838818fd40f3164d116730925a06c/genome.fasta
Mar-27 10:52:20.593 [Actor Thread 19] WARN  nextflow.container.SingularityCache - Singularity cache directory has not been defined -- Remote image will be stored in the path: /mnt/tblab/graciela/auto_hackathon_GdTBioinfo/GdTBioinfo-nf-snvs/work/singularity -- Use the environment variable NXF_SINGULARITY_CACHEDIR to specify a different location
Mar-27 10:52:20.594 [Actor Thread 19] INFO  nextflow.container.SingularityCache - Pulling Singularity image https://depot.galaxyproject.org/singularity/picard:3.2.0--hdfd78af_0 [cache /mnt/tblab/graciela/auto_hackathon_GdTBioinfo/GdTBioinfo-nf-snvs/work/singularity/depot.galaxyproject.org-singularity-picard-3.2.0--hdfd78af_0.img]
Mar-27 10:52:20.594 [Actor Thread 16] INFO  nextflow.container.SingularityCache - Pulling Singularity image https://depot.galaxyproject.org/singularity/bwa:0.7.18--he4a0461_0 [cache /mnt/tblab/graciela/auto_hackathon_GdTBioinfo/GdTBioinfo-nf-snvs/work/singularity/depot.galaxyproject.org-singularity-bwa-0.7.18--he4a0461_0.img]
Mar-27 10:52:20.594 [Actor Thread 18] INFO  nextflow.container.SingularityCache - Pulling Singularity image https://depot.galaxyproject.org/singularity/python:3.8.3 [cache /mnt/tblab/graciela/auto_hackathon_GdTBioinfo/GdTBioinfo-nf-snvs/work/singularity/depot.galaxyproject.org-singularity-python-3.8.3.img]
Mar-27 10:52:27.419 [Actor Thread 16] DEBUG nextflow.container.SingularityCache - Singularity pull complete image=https://depot.galaxyproject.org/singularity/bwa:0.7.18--he4a0461_0 path=/mnt/tblab/graciela/auto_hackathon_GdTBioinfo/GdTBioinfo-nf-snvs/work/singularity/depot.galaxyproject.org-singularity-bwa-0.7.18--he4a0461_0.img
Mar-27 10:52:27.518 [Task submitter] DEBUG n.executor.local.LocalTaskHandler - Launch cmd line: /bin/bash -ue .command.run
Mar-27 10:52:27.520 [Task submitter] INFO  nextflow.Session - [1e/141128] Submitted process > GDTBIOINFONF_SNVS:SNVS:BWA_INDEX (genome.fasta)
Mar-27 10:52:28.050 [Task monitor] DEBUG n.processor.TaskPollingMonitor - Task completed > TaskHandler[id: 3; name: GDTBIOINFONF_SNVS:SNVS:BWA_INDEX (genome.fasta); status: COMPLETED; exit: 0; error: -; workDir: /mnt/tblab/graciela/auto_hackathon_GdTBioinfo/GdTBioinfo-nf-snvs/work/1e/141128baf09610194d9aeca855e599]
Mar-27 10:52:28.052 [Task monitor] DEBUG nextflow.util.ThreadPoolBuilder - Creating thread pool 'TaskFinalizer' minSize=10; maxSize=72; workQueue=LinkedBlockingQueue[-1]; allowCoreThreadTimeout=false
Mar-27 10:52:28.085 [TaskFinalizer-1] DEBUG nextflow.util.ThreadPoolBuilder - Creating thread pool 'PublishDir' minSize=10; maxSize=72; workQueue=LinkedBlockingQueue[-1]; allowCoreThreadTimeout=false
